<?xml version="1.0" encoding="UTF-8"?>
<Site BuildName="Linux-c++"
	BuildStamp="20221120-1347-Experimental"
	Name="Conless-Laptop"
	Generator="ctest-3.22.1"
	CompilerName="/usr/bin/c++"
	CompilerVersion="11.3.0"
	OSName="Linux"
	Hostname="Conless-Laptop"
	OSRelease="5.10.16.3-microsoft-standard-WSL2"
	OSVersion="#1 SMP Fri Apr 2 22:23:49 UTC 2021"
	OSPlatform="x86_64"
	Is64Bits="1"
	VendorString="AuthenticAMD"
	VendorID="Advanced Micro Devices"
	FamilyID="25"
	ModelID="80"
	ProcessorCacheSize="512"
	NumberOfLogicalCPU="16"
	NumberOfPhysicalCPU="8"
	TotalVirtualMemory="2048"
	TotalPhysicalMemory="7632"
	LogicalProcessorsPerPhysical="2"
	ProcessorClockFrequency="3193.99"
	>
	<Testing>
		<StartDateTime>Nov 20 21:54 CST</StartDateTime>
		<StartTestTime>1668952484</StartTestTime>
		<TestList/>
		<EndDateTime>Nov 20 21:54 CST</EndDateTime>
		<EndTestTime>1668952484</EndTestTime>
		<ElapsedMinutes>0</ElapsedMinutes>
	</Testing>
</Site>
